
*** Running vivado
    with args -log uartFTDI.vds -m64 -product Vivado -mode batch -messageDb vivado.pb -notrace -source uartFTDI.tcl


****** Vivado v2017.1 (64-bit)
  **** SW Build 1846317 on Fri Apr 14 18:54:47 MDT 2017
  **** IP Build 1846188 on Fri Apr 14 20:52:08 MDT 2017
    ** Copyright 1986-2017 Xilinx, Inc. All Rights Reserved.

source uartFTDI.tcl -notrace
Command: synth_design -top uartFTDI -part xc7a35ticsg324-1L
Starting synth_design
Attempting to get a license for feature 'Synthesis' and/or device 'xc7a35ti-csg324'
INFO: [Common 17-349] Got license for feature 'Synthesis' and/or device 'xc7a35ti-csg324'
INFO: Launching helper process for spawning children vivado processes
INFO: Helper process launched with PID 24458 
---------------------------------------------------------------------------------
Starting RTL Elaboration : Time (s): cpu = 00:00:04 ; elapsed = 00:00:04 . Memory (MB): peak = 1162.934 ; gain = 65.992 ; free physical = 4188 ; free virtual = 23928
---------------------------------------------------------------------------------
INFO: [Synth 8-638] synthesizing module 'uartFTDI' [/home/keith/xilProjects/artyFTDI/artyFTDI.srcs/sources_1/new/uartFTDI.vhd:19]
WARNING: [Synth 8-614] signal 'txStart' is read in the process but is not in the sensitivity list [/home/keith/xilProjects/artyFTDI/artyFTDI.srcs/sources_1/new/uartFTDI.vhd:75]
INFO: [Synth 8-3491] module 'clk_wiz_0' declared at '/home/keith/xilProjects/artyFTDI/artyFTDI.runs/synth_1/.Xil/Vivado-24447-keith-OptiPlex-790/realtime/clk_wiz_0_stub.vhdl:5' bound to instance 'clkMHZ' of component 'clk_wiz_0' [/home/keith/xilProjects/artyFTDI/artyFTDI.srcs/sources_1/new/uartFTDI.vhd:101]
INFO: [Synth 8-638] synthesizing module 'clk_wiz_0' [/home/keith/xilProjects/artyFTDI/artyFTDI.runs/synth_1/.Xil/Vivado-24447-keith-OptiPlex-790/realtime/clk_wiz_0_stub.vhdl:13]
	Parameter N bound to: 8 - type: integer 
	Parameter M bound to: 62 - type: integer 
INFO: [Synth 8-3491] module 'mod_m_counter' declared at '/home/keith/xilProjects/artyFTDI/artyFTDI.srcs/sources_1/new/mod_m_counter.vhd:5' bound to instance 'baudRateGenerator' of component 'mod_m_counter' [/home/keith/xilProjects/artyFTDI/artyFTDI.srcs/sources_1/new/uartFTDI.vhd:109]
INFO: [Synth 8-638] synthesizing module 'mod_m_counter' [/home/keith/xilProjects/artyFTDI/artyFTDI.srcs/sources_1/new/mod_m_counter.vhd:18]
	Parameter N bound to: 8 - type: integer 
	Parameter M bound to: 62 - type: integer 
INFO: [Synth 8-256] done synthesizing module 'mod_m_counter' (1#1) [/home/keith/xilProjects/artyFTDI/artyFTDI.srcs/sources_1/new/mod_m_counter.vhd:18]
	Parameter DBIT bound to: 8 - type: integer 
	Parameter SB_TICK bound to: 16 - type: integer 
INFO: [Synth 8-3491] module 'uart_tx' declared at '/home/keith/xilProjects/artyFTDI/artyFTDI.srcs/sources_1/new/uart_tx.vhd:5' bound to instance 'tansmitOut' of component 'uart_tx' [/home/keith/xilProjects/artyFTDI/artyFTDI.srcs/sources_1/new/uartFTDI.vhd:113]
INFO: [Synth 8-638] synthesizing module 'uart_tx' [/home/keith/xilProjects/artyFTDI/artyFTDI.srcs/sources_1/new/uart_tx.vhd:20]
	Parameter DBIT bound to: 8 - type: integer 
	Parameter SB_TICK bound to: 16 - type: integer 
INFO: [Synth 8-5534] Detected attribute (* keep = "true" *) [/home/keith/xilProjects/artyFTDI/artyFTDI.srcs/sources_1/new/uart_tx.vhd:25]
INFO: [Synth 8-256] done synthesizing module 'uart_tx' (2#1) [/home/keith/xilProjects/artyFTDI/artyFTDI.srcs/sources_1/new/uart_tx.vhd:20]
INFO: [Synth 8-256] done synthesizing module 'uartFTDI' (3#1) [/home/keith/xilProjects/artyFTDI/artyFTDI.srcs/sources_1/new/uartFTDI.vhd:19]
---------------------------------------------------------------------------------
Finished RTL Elaboration : Time (s): cpu = 00:00:04 ; elapsed = 00:00:04 . Memory (MB): peak = 1203.434 ; gain = 106.492 ; free physical = 4194 ; free virtual = 23935
---------------------------------------------------------------------------------

Report Check Netlist: 
+------+------------------+-------+---------+-------+------------------+
|      |Item              |Errors |Warnings |Status |Description       |
+------+------------------+-------+---------+-------+------------------+
|1     |multi_driven_nets |      0|        0|Passed |Multi driven nets |
+------+------------------+-------+---------+-------+------------------+
---------------------------------------------------------------------------------
Finished RTL Optimization Phase 1 : Time (s): cpu = 00:00:04 ; elapsed = 00:00:05 . Memory (MB): peak = 1203.434 ; gain = 106.492 ; free physical = 4195 ; free virtual = 23935
---------------------------------------------------------------------------------
INFO: [Device 21-403] Loading part xc7a35ticsg324-1L
INFO: [Project 1-570] Preparing netlist for logic optimization

Processing XDC Constraints
Initializing timing engine
Parsing XDC File [/home/keith/xilProjects/artyFTDI/artyFTDI.runs/synth_1/.Xil/Vivado-24447-keith-OptiPlex-790/dcp3/clk_wiz_0_in_context.xdc] for cell 'clkMHZ'
Finished Parsing XDC File [/home/keith/xilProjects/artyFTDI/artyFTDI.runs/synth_1/.Xil/Vivado-24447-keith-OptiPlex-790/dcp3/clk_wiz_0_in_context.xdc] for cell 'clkMHZ'
Parsing XDC File [/home/keith/xilProjects/artyFTDI/artyFTDI.srcs/constrs_1/new/artyConstr.xdc]
WARNING: [Constraints 18-619] A clock with name 'clk100MHZ' already exists, overwriting the previous clock with the same name. [/home/keith/xilProjects/artyFTDI/artyFTDI.srcs/constrs_1/new/artyConstr.xdc:3]
Finished Parsing XDC File [/home/keith/xilProjects/artyFTDI/artyFTDI.srcs/constrs_1/new/artyConstr.xdc]
INFO: [Project 1-236] Implementation specific constraints were found while reading constraint file [/home/keith/xilProjects/artyFTDI/artyFTDI.srcs/constrs_1/new/artyConstr.xdc]. These constraints will be ignored for synthesis but will be used in implementation. Impacted constraints are listed in the file [.Xil/uartFTDI_propImpl.xdc].
Resolution: To avoid this warning, move constraints listed in [.Xil/uartFTDI_propImpl.xdc] to another XDC file and exclude this new file from synthesis with the used_in_synthesis property (File Properties dialog in GUI) and re-run elaboration/synthesis.
Completed Processing XDC Constraints

INFO: [Project 1-111] Unisim Transformation Summary:
No Unisim elements were transformed.

Constraint Validation Runtime : Time (s): cpu = 00:00:00 ; elapsed = 00:00:00 . Memory (MB): peak = 1552.246 ; gain = 0.000 ; free physical = 3951 ; free virtual = 23684
---------------------------------------------------------------------------------
Finished Constraint Validation : Time (s): cpu = 00:00:13 ; elapsed = 00:00:13 . Memory (MB): peak = 1552.246 ; gain = 455.305 ; free physical = 4048 ; free virtual = 23779
---------------------------------------------------------------------------------
---------------------------------------------------------------------------------
Start Loading Part and Timing Information
---------------------------------------------------------------------------------
Loading part: xc7a35ticsg324-1L
---------------------------------------------------------------------------------
Finished Loading Part and Timing Information : Time (s): cpu = 00:00:13 ; elapsed = 00:00:13 . Memory (MB): peak = 1552.246 ; gain = 455.305 ; free physical = 4048 ; free virtual = 23779
---------------------------------------------------------------------------------
---------------------------------------------------------------------------------
Start Applying 'set_property' XDC Constraints
---------------------------------------------------------------------------------
Applied set_property IO_BUFFER_TYPE = NONE for clk100MHZ. (constraint file  /home/keith/xilProjects/artyFTDI/artyFTDI.runs/synth_1/.Xil/Vivado-24447-keith-OptiPlex-790/dcp3/clk_wiz_0_in_context.xdc, line 3).
Applied set_property CLOCK_BUFFER_TYPE = NONE for clk100MHZ. (constraint file  /home/keith/xilProjects/artyFTDI/artyFTDI.runs/synth_1/.Xil/Vivado-24447-keith-OptiPlex-790/dcp3/clk_wiz_0_in_context.xdc, line 4).
Applied set_property DONT_TOUCH = true for clkMHZ. (constraint file  auto generated constraint, line ).
---------------------------------------------------------------------------------
Finished applying 'set_property' XDC Constraints : Time (s): cpu = 00:00:13 ; elapsed = 00:00:13 . Memory (MB): peak = 1552.246 ; gain = 455.305 ; free physical = 4050 ; free virtual = 23781
---------------------------------------------------------------------------------
INFO: [Synth 8-5546] ROM "max_tick" won't be mapped to RAM because it is too sparse
INFO: [Synth 8-5544] ROM "tx_done_tick" won't be mapped to Block RAM because address size (4) smaller than threshold (5)
INFO: [Synth 8-5544] ROM "state_next" won't be mapped to Block RAM because address size (3) smaller than threshold (5)
INFO: [Synth 8-5544] ROM "s_next" won't be mapped to Block RAM because address size (4) smaller than threshold (5)
INFO: [Synth 8-5544] ROM "n_next" won't be mapped to Block RAM because address size (3) smaller than threshold (5)
WARNING: [Synth 8-6014] Unused sequential element count_reg was removed.  [/home/keith/xilProjects/artyFTDI/artyFTDI.srcs/sources_1/new/uartFTDI.vhd:93]
WARNING: [Synth 8-327] inferring latch for variable 'txStart_next_reg' [/home/keith/xilProjects/artyFTDI/artyFTDI.srcs/sources_1/new/uartFTDI.vhd:80]
---------------------------------------------------------------------------------
Finished RTL Optimization Phase 2 : Time (s): cpu = 00:00:13 ; elapsed = 00:00:13 . Memory (MB): peak = 1552.246 ; gain = 455.305 ; free physical = 4042 ; free virtual = 23773
---------------------------------------------------------------------------------

Report RTL Partitions: 
+-+--------------+------------+----------+
| |RTL Partition |Replication |Instances |
+-+--------------+------------+----------+
+-+--------------+------------+----------+
---------------------------------------------------------------------------------
Start RTL Component Statistics 
---------------------------------------------------------------------------------
Detailed RTL Component Info : 
+---Adders : 
	   2 Input      8 Bit       Adders := 1     
	   2 Input      4 Bit       Adders := 1     
	   2 Input      3 Bit       Adders := 1     
+---Registers : 
	                8 Bit    Registers := 2     
	                4 Bit    Registers := 1     
	                3 Bit    Registers := 1     
	                2 Bit    Registers := 1     
	                1 Bit    Registers := 3     
+---Muxes : 
	   2 Input      8 Bit        Muxes := 4     
	   4 Input      8 Bit        Muxes := 1     
	   4 Input      4 Bit        Muxes := 1     
	   2 Input      4 Bit        Muxes := 1     
	   4 Input      3 Bit        Muxes := 1     
	   5 Input      2 Bit        Muxes := 1     
	   2 Input      1 Bit        Muxes := 3     
	   4 Input      1 Bit        Muxes := 5     
	   3 Input      1 Bit        Muxes := 2     
---------------------------------------------------------------------------------
Finished RTL Component Statistics 
---------------------------------------------------------------------------------
---------------------------------------------------------------------------------
Start RTL Hierarchical Component Statistics 
---------------------------------------------------------------------------------
Hierarchical RTL Component report 
Module uartFTDI 
Detailed RTL Component Info : 
+---Registers : 
	                1 Bit    Registers := 2     
Module mod_m_counter 
Detailed RTL Component Info : 
+---Adders : 
	   2 Input      8 Bit       Adders := 1     
+---Registers : 
	                8 Bit    Registers := 1     
+---Muxes : 
	   2 Input      8 Bit        Muxes := 1     
	   2 Input      1 Bit        Muxes := 1     
Module uart_tx 
Detailed RTL Component Info : 
+---Adders : 
	   2 Input      4 Bit       Adders := 1     
	   2 Input      3 Bit       Adders := 1     
+---Registers : 
	                8 Bit    Registers := 1     
	                4 Bit    Registers := 1     
	                3 Bit    Registers := 1     
	                2 Bit    Registers := 1     
	                1 Bit    Registers := 1     
+---Muxes : 
	   2 Input      8 Bit        Muxes := 3     
	   4 Input      8 Bit        Muxes := 1     
	   4 Input      4 Bit        Muxes := 1     
	   2 Input      4 Bit        Muxes := 1     
	   4 Input      3 Bit        Muxes := 1     
	   5 Input      2 Bit        Muxes := 1     
	   2 Input      1 Bit        Muxes := 2     
	   4 Input      1 Bit        Muxes := 5     
	   3 Input      1 Bit        Muxes := 2     
---------------------------------------------------------------------------------
Finished RTL Hierarchical Component Statistics
---------------------------------------------------------------------------------
---------------------------------------------------------------------------------
Start Part Resource Summary
---------------------------------------------------------------------------------
Part Resources:
DSPs: 90 (col length:60)
BRAMs: 100 (col length: RAMB18 60 RAMB36 30)
---------------------------------------------------------------------------------
Finished Part Resource Summary
---------------------------------------------------------------------------------
---------------------------------------------------------------------------------
Start Cross Boundary and Area Optimization
---------------------------------------------------------------------------------
INFO: [Synth 8-5546] ROM "baudRateGenerator/max_tick" won't be mapped to RAM because it is too sparse
WARNING: [Synth 8-6014] Unused sequential element count_reg was removed.  [/home/keith/xilProjects/artyFTDI/artyFTDI.srcs/sources_1/new/uartFTDI.vhd:93]
---------------------------------------------------------------------------------
Finished Cross Boundary and Area Optimization : Time (s): cpu = 00:00:13 ; elapsed = 00:00:14 . Memory (MB): peak = 1552.246 ; gain = 455.305 ; free physical = 3998 ; free virtual = 23758
---------------------------------------------------------------------------------

Report RTL Partitions: 
+-+--------------+------------+----------+
| |RTL Partition |Replication |Instances |
+-+--------------+------------+----------+
+-+--------------+------------+----------+
---------------------------------------------------------------------------------
Start Applying XDC Timing Constraints
---------------------------------------------------------------------------------
INFO: [Synth 8-5578] Moved timing constraint from pin 'clkMHZ/clk_out1' to pin 'clkMHZ/bbstub_clk_out1/O'
WARNING: [Synth 8-565] redefining clock 'clk100MHZ'
INFO: [Synth 8-5819] Moved 1 constraints on hierarchical pins to their respective driving/loading pins
---------------------------------------------------------------------------------
Finished Applying XDC Timing Constraints : Time (s): cpu = 00:00:20 ; elapsed = 00:00:21 . Memory (MB): peak = 1552.246 ; gain = 455.305 ; free physical = 3866 ; free virtual = 23635
---------------------------------------------------------------------------------
---------------------------------------------------------------------------------
Start Timing Optimization
---------------------------------------------------------------------------------
---------------------------------------------------------------------------------
Finished Timing Optimization : Time (s): cpu = 00:00:20 ; elapsed = 00:00:21 . Memory (MB): peak = 1552.246 ; gain = 455.305 ; free physical = 3864 ; free virtual = 23633
---------------------------------------------------------------------------------

Report RTL Partitions: 
+-+--------------+------------+----------+
| |RTL Partition |Replication |Instances |
+-+--------------+------------+----------+
+-+--------------+------------+----------+
---------------------------------------------------------------------------------
Start Technology Mapping
---------------------------------------------------------------------------------
---------------------------------------------------------------------------------
Finished Technology Mapping : Time (s): cpu = 00:00:20 ; elapsed = 00:00:21 . Memory (MB): peak = 1552.246 ; gain = 455.305 ; free physical = 3858 ; free virtual = 23626
---------------------------------------------------------------------------------

Report RTL Partitions: 
+-+--------------+------------+----------+
| |RTL Partition |Replication |Instances |
+-+--------------+------------+----------+
+-+--------------+------------+----------+
---------------------------------------------------------------------------------
Start IO Insertion
---------------------------------------------------------------------------------
---------------------------------------------------------------------------------
Start Flattening Before IO Insertion
---------------------------------------------------------------------------------
---------------------------------------------------------------------------------
Finished Flattening Before IO Insertion
---------------------------------------------------------------------------------
---------------------------------------------------------------------------------
Start Final Netlist Cleanup
---------------------------------------------------------------------------------
---------------------------------------------------------------------------------
Finished Final Netlist Cleanup
---------------------------------------------------------------------------------
---------------------------------------------------------------------------------
Finished IO Insertion : Time (s): cpu = 00:00:21 ; elapsed = 00:00:22 . Memory (MB): peak = 1552.246 ; gain = 455.305 ; free physical = 3857 ; free virtual = 23625
---------------------------------------------------------------------------------

Report Check Netlist: 
+------+------------------+-------+---------+-------+------------------+
|      |Item              |Errors |Warnings |Status |Description       |
+------+------------------+-------+---------+-------+------------------+
|1     |multi_driven_nets |      0|        0|Passed |Multi driven nets |
+------+------------------+-------+---------+-------+------------------+
---------------------------------------------------------------------------------
Start Renaming Generated Instances
---------------------------------------------------------------------------------
---------------------------------------------------------------------------------
Finished Renaming Generated Instances : Time (s): cpu = 00:00:21 ; elapsed = 00:00:22 . Memory (MB): peak = 1552.246 ; gain = 455.305 ; free physical = 3858 ; free virtual = 23626
---------------------------------------------------------------------------------

Report RTL Partitions: 
+-+--------------+------------+----------+
| |RTL Partition |Replication |Instances |
+-+--------------+------------+----------+
+-+--------------+------------+----------+
---------------------------------------------------------------------------------
Start Rebuilding User Hierarchy
---------------------------------------------------------------------------------
---------------------------------------------------------------------------------
Finished Rebuilding User Hierarchy : Time (s): cpu = 00:00:21 ; elapsed = 00:00:22 . Memory (MB): peak = 1552.246 ; gain = 455.305 ; free physical = 3858 ; free virtual = 23627
---------------------------------------------------------------------------------
---------------------------------------------------------------------------------
Start Renaming Generated Ports
---------------------------------------------------------------------------------
---------------------------------------------------------------------------------
Finished Renaming Generated Ports : Time (s): cpu = 00:00:21 ; elapsed = 00:00:22 . Memory (MB): peak = 1552.246 ; gain = 455.305 ; free physical = 3858 ; free virtual = 23627
---------------------------------------------------------------------------------
---------------------------------------------------------------------------------
Start Handling Custom Attributes
---------------------------------------------------------------------------------
---------------------------------------------------------------------------------
Finished Handling Custom Attributes : Time (s): cpu = 00:00:21 ; elapsed = 00:00:22 . Memory (MB): peak = 1552.246 ; gain = 455.305 ; free physical = 3862 ; free virtual = 23630
---------------------------------------------------------------------------------
---------------------------------------------------------------------------------
Start Renaming Generated Nets
---------------------------------------------------------------------------------
---------------------------------------------------------------------------------
Finished Renaming Generated Nets : Time (s): cpu = 00:00:21 ; elapsed = 00:00:22 . Memory (MB): peak = 1552.246 ; gain = 455.305 ; free physical = 3862 ; free virtual = 23630
---------------------------------------------------------------------------------
---------------------------------------------------------------------------------
Start Writing Synthesis Report
---------------------------------------------------------------------------------

Report BlackBoxes: 
+------+--------------+----------+
|      |BlackBox name |Instances |
+------+--------------+----------+
|1     |clk_wiz_0     |         1|
+------+--------------+----------+

Report Cell Usage: 
+------+---------------+------+
|      |Cell           |Count |
+------+---------------+------+
|1     |clk_wiz_0_bbox |     1|
|2     |CARRY4         |     4|
|3     |LUT1           |    19|
|4     |LUT2           |     3|
|5     |LUT3           |     5|
|6     |LUT4           |     6|
|7     |LUT5           |    10|
|8     |LUT6           |    15|
|9     |FDRE           |    44|
|10    |LD             |     1|
|11    |OBUF           |     2|
+------+---------------+------+

Report Instance Areas: 
+------+--------------------+--------------+------+
|      |Instance            |Module        |Cells |
+------+--------------------+--------------+------+
|1     |top                 |              |   110|
|2     |  baudRateGenerator |mod_m_counter |    21|
|3     |  tansmitOut        |uart_tx       |    40|
+------+--------------------+--------------+------+
---------------------------------------------------------------------------------
Finished Writing Synthesis Report : Time (s): cpu = 00:00:21 ; elapsed = 00:00:22 . Memory (MB): peak = 1552.246 ; gain = 455.305 ; free physical = 3858 ; free virtual = 23626
---------------------------------------------------------------------------------
Synthesis finished with 0 errors, 0 critical warnings and 4 warnings.
Synthesis Optimization Runtime : Time (s): cpu = 00:00:16 ; elapsed = 00:00:17 . Memory (MB): peak = 1552.246 ; gain = 106.492 ; free physical = 3905 ; free virtual = 23673
Synthesis Optimization Complete : Time (s): cpu = 00:00:21 ; elapsed = 00:00:22 . Memory (MB): peak = 1552.254 ; gain = 455.305 ; free physical = 3905 ; free virtual = 23673
INFO: [Project 1-571] Translating synthesized netlist
INFO: [Netlist 29-17] Analyzing 5 Unisim elements for replacement
INFO: [Netlist 29-28] Unisim Transformation completed in 0 CPU seconds
INFO: [Project 1-570] Preparing netlist for logic optimization
INFO: [Opt 31-138] Pushed 0 inverter(s) to 0 load pin(s).
INFO: [Project 1-111] Unisim Transformation Summary:
  A total of 1 instances were transformed.
  LD => LDCE: 1 instances

30 Infos, 6 Warnings, 0 Critical Warnings and 0 Errors encountered.
synth_design completed successfully
synth_design: Time (s): cpu = 00:00:23 ; elapsed = 00:00:23 . Memory (MB): peak = 1552.254 ; gain = 467.902 ; free physical = 3871 ; free virtual = 23639
INFO: [Common 17-1381] The checkpoint '/home/keith/xilProjects/artyFTDI/artyFTDI.runs/synth_1/uartFTDI.dcp' has been generated.
report_utilization: Time (s): cpu = 00:00:00.10 ; elapsed = 00:00:00.13 . Memory (MB): peak = 1576.258 ; gain = 0.000 ; free physical = 3872 ; free virtual = 23640
INFO: [Common 17-206] Exiting Vivado at Tue Dec 12 15:11:28 2017...
